<?xml version="1.0" encoding="UTF-8"?>
<!-- Generated by org.testng.reporters.JUnitReportReporter -->
<testsuite skipped="0" hostname="INLN50905758A" name="com.crm.qa.testcases.LoginPageTest" tests="1" failures="0" timestamp="12 Sep 2018 17:43:39 GMT" time="25.921" errors="0">
  <testcase name="logintest" time="25.921" classname="com.crm.qa.testcases.LoginPageTest"/>
</testsuite> <!-- com.crm.qa.testcases.LoginPageTest -->
